生成启动时间为 2020/6/12 13:28:50。
     1>项目“F:\learnMySQL\learnMySQL\learnMySQL\learnMySQL.vcxproj”在节点 2 上(build 个目标)。
     1>InitializeBuildStatus:
         正在创建“x64\Debug\learnMySQL.unsuccessfulbuild”，因为已指定“AlwaysCreate”。
       ClCompile:
         所有输出均为最新。
         f:\VS2010\VS2010\install\VC\bin\x86_amd64\CL.exe /c /I"E:\mysql-5.7.28-winx64\include" /Zi /nologo /W3 /WX- /Od /D WIN32 /D _WINDOWS /D _DEBUG /D _MBCS /D _AFXDLL /Gm /EHsc /RTC1 /MDd /GS /fp:precise /Zc:wchar_t /Zc:forScope /Yu"StdAfx.h" /Fp"x64\Debug\learnMySQL.pch" /Fo"x64\Debug\\" /Fd"x64\Debug\vc100.pdb" /Gd /TP /errorReport:prompt Ch_AddDlg.cpp
         Ch_AddDlg.cpp
       ResourceCompile:
         所有输出均为最新。
       ManifestResourceCompile:
         所有输出均为最新。
       Link:
         f:\VS2010\VS2010\install\VC\bin\x86_amd64\link.exe /ERRORREPORT:PROMPT /OUT:"F:\learnMySQL\learnMySQL\x64\Debug\learnMySQL.exe" /INCREMENTAL /NOLOGO /LIBPATH:"E:\mysql-5.7.28-winx64\lib" libmysql.lib /MANIFEST /ManifestFile:"x64\Debug\learnMySQL.exe.intermediate.manifest" /MANIFESTUAC:"level='asInvoker' uiAccess='false'" /DEBUG /PDB:"F:\learnMySQL\learnMySQL\x64\Debug\learnMySQL.pdb" /SUBSYSTEM:WINDOWS /TLBID:1 /DYNAMICBASE /NXCOMPAT /IMPLIB:"F:\learnMySQL\learnMySQL\x64\Debug\learnMySQL.lib" /MACHINE:X64 x64\Debug\learnMySQL.res
         x64\Debug\learnMySQL.exe.embed.manifest.res
         x64\Debug\Ch_AddDlg.obj
         x64\Debug\learnMySQL.obj
         x64\Debug\learnMySQLDlg.obj
         x64\Debug\LoginDlg.obj
         x64\Debug\stdafx.obj
         learnMySQL.vcxproj -> F:\learnMySQL\learnMySQL\x64\Debug\learnMySQL.exe
       Manifest:
         C:\Program Files (x86)\Microsoft SDKs\Windows\v7.0A\bin\mt.exe /nologo /verbose /out:"x64\Debug\learnMySQL.exe.embed.manifest" /manifest x64\Debug\learnMySQL.exe.intermediate.manifest f:\VS2010\VS2010\install\VC\Include\Manifest\dpiaware.manifest
         所有输出均为最新。
       LinkEmbedManifest:
         所有输出均为最新。
         learnMySQL.vcxproj -> F:\learnMySQL\learnMySQL\x64\Debug\learnMySQL.exe
       FinalizeBuildStatus:
         正在删除文件“x64\Debug\learnMySQL.unsuccessfulbuild”。
         正在对“x64\Debug\learnMySQL.lastbuildstate”执行 Touch 任务。
     1>已完成生成项目“F:\learnMySQL\learnMySQL\learnMySQL\learnMySQL.vcxproj”(build 个目标)的操作。

生成成功。

已用时间 00:00:00.97
